<?xml version="1.0" encoding="UTF-8"?>
<testng-results skipped="0" failed="1" ignored="0" total="3" passed="2">
  <reporter-output>
  </reporter-output>
  <suite name="Default suite" duration-ms="16619" started-at="2020-04-22T07:30:48Z" finished-at="2020-04-22T07:31:05Z">
    <groups>
      <group name="cucumber">
        <method signature="AbstractTestNGCucumberTests.runScenario(io.cucumber.testng.PickleEventWrapper, io.cucumber.testng.CucumberFeatureWrapper)[pri:0, instance:runner.TestRunner@14bf9759]" name="runScenario" class="io.cucumber.testng.AbstractTestNGCucumberTests"/>
      </group> <!-- cucumber -->
    </groups>
    <test name="Default test" duration-ms="16619" started-at="2020-04-22T07:30:48Z" finished-at="2020-04-22T07:31:05Z">
      <class name="runner.TestRunner">
        <test-method status="PASS" signature="setUpClass()[pri:0, instance:runner.TestRunner@14bf9759]" name="setUpClass" is-config="true" duration-ms="213" started-at="2020-04-22T07:30:48Z" finished-at="2020-04-22T07:30:48Z">
          <reporter-output>
          </reporter-output>
        </test-method> <!-- setUpClass -->
        <test-method status="PASS" signature="runScenario(io.cucumber.testng.PickleEventWrapper, io.cucumber.testng.CucumberFeatureWrapper)[pri:0, instance:runner.TestRunner@14bf9759]" name="runScenario" duration-ms="8032" started-at="2020-04-22T07:30:48Z" description="Runs Cucumber Scenarios" data-provider="scenarios" finished-at="2020-04-22T07:30:56Z">
          <params>
            <param index="0">
              <value>
                <![CDATA["Validate Create Order feature with valid details"]]>
              </value>
            </param>
            <param index="1">
              <value>
                <![CDATA["Validate Create Order feature"]]>
              </value>
            </param>
          </params>
          <reporter-output>
          </reporter-output>
        </test-method> <!-- runScenario -->
        <test-method status="PASS" signature="runScenario(io.cucumber.testng.PickleEventWrapper, io.cucumber.testng.CucumberFeatureWrapper)[pri:0, instance:runner.TestRunner@14bf9759]" name="runScenario" duration-ms="4193" started-at="2020-04-22T07:30:56Z" description="Runs Cucumber Scenarios" data-provider="scenarios" finished-at="2020-04-22T07:31:00Z">
          <params>
            <param index="0">
              <value>
                <![CDATA["Validate Create Order feature with valid details"]]>
              </value>
            </param>
            <param index="1">
              <value>
                <![CDATA["Validate Create Order feature"]]>
              </value>
            </param>
          </params>
          <reporter-output>
          </reporter-output>
        </test-method> <!-- runScenario -->
        <test-method status="FAIL" signature="runScenario(io.cucumber.testng.PickleEventWrapper, io.cucumber.testng.CucumberFeatureWrapper)[pri:0, instance:runner.TestRunner@14bf9759]" name="runScenario" duration-ms="3582" started-at="2020-04-22T07:31:01Z" description="Runs Cucumber Scenarios" data-provider="scenarios" finished-at="2020-04-22T07:31:04Z">
          <params>
            <param index="0">
              <value>
                <![CDATA["Validate Get Order feature with valid details"]]>
              </value>
            </param>
            <param index="1">
              <value>
                <![CDATA["Validate Get Order feature"]]>
              </value>
            </param>
          </params>
          <exception class="java.lang.AssertionError">
            <message>
              <![CDATA[expected [300] but found [200]]]>
            </message>
            <full-stacktrace>
              <![CDATA[java.lang.AssertionError: expected [300] but found [200]
at org.testng.Assert.fail(Assert.java:96)
at org.testng.Assert.failNotEquals(Assert.java:776)
at org.testng.Assert.assertEqualsImpl(Assert.java:137)
at org.testng.Assert.assertEquals(Assert.java:118)
at org.testng.Assert.assertEquals(Assert.java:442)
at stepDefinition.ApiTestingStepDef.i_verify_the_status_code_as(ApiTestingStepDef.java:91)
at âœ½.I verify the status code as "300"(file:src/test/resources/features/APITesting_GetOrder.feature:7)
]]>
            </full-stacktrace>
          </exception> <!-- java.lang.AssertionError -->
          <reporter-output>
          </reporter-output>
        </test-method> <!-- runScenario -->
        <test-method status="PASS" signature="tearDownClass()[pri:0, instance:runner.TestRunner@14bf9759]" name="tearDownClass" is-config="true" duration-ms="489" started-at="2020-04-22T07:31:04Z" finished-at="2020-04-22T07:31:05Z">
          <reporter-output>
          </reporter-output>
        </test-method> <!-- tearDownClass -->
      </class> <!-- runner.TestRunner -->
    </test> <!-- Default test -->
  </suite> <!-- Default suite -->
</testng-results>
