<?xml version="1.0" encoding="UTF-8"?>
<!-- Generated by org.testng.reporters.JUnitReportReporter -->
<testsuite skipped="0" hostname="LAPTOP-20485NC4" name="runner.TestRunner" tests="3" failures="1" timestamp="22 Apr 2020 07:22:11 GMT" time="28.489" errors="0">
  <testcase name="runScenario" time="5.476" classname="runner.TestRunner">
    <failure type="java.lang.AssertionError" message="expected [300] but found [200]">
      <![CDATA[java.lang.AssertionError: expected [300] but found [200]
at org.testng.Assert.fail(Assert.java:96)
at org.testng.Assert.failNotEquals(Assert.java:776)
at org.testng.Assert.assertEqualsImpl(Assert.java:137)
at org.testng.Assert.assertEquals(Assert.java:118)
at org.testng.Assert.assertEquals(Assert.java:442)
at stepDefinition.ApiTestingStepDef.i_verify_the_status_code_as(ApiTestingStepDef.java:91)
at âœ½.I verify the status code as "300"(file:src/test/resources/features/APITesting_GetOrder.feature:7)
]]>
    </failure>
  </testcase> <!-- runScenario -->
  <testcase name="runScenario" time="6.235" classname="runner.TestRunner"/>
  <testcase name="runScenario" time="16.778" classname="runner.TestRunner"/>
</testsuite> <!-- runner.TestRunner -->
